[0;34mConfiguring platform...[0m
[0;34mConfiguring platform...[0m
[0;34mConfiguring platform...[0m
[0;34mConfiguring platform...[0m
[0;32mPlatform configured successfully.[0m
[0;34mConfiguring platform...[0m
[0;32mPlatform configured successfully.[0m
[0;34mConfiguring platform...[0m
[0;32mPlatform clean and tidy.[0m
[0;32mPlatform modules verified.[0m
[0;32mPlatform modules downloaded.[0m
[0;32mPlatform module dependency graph printed.[0m
[0;34mConfiguring platform...[0m
[0;32mPlatform clean and tidy.[0m
[0;32mPlatform modules verified.[0m
[0;32mPlatform modules downloaded.[0m
[0;32mPlatform module dependency graph printed.[0m
[0;31mAn error occurred while starting platform.[0m
[0;34mConfiguring platform...[0m
[0;32mPlatform clean and tidy.[0m
[0;32mPlatform modules verified.[0m
[0;32mPlatform modules downloaded.[0m
[0;32mPlatform module dependency graph printed.[0m
[0;34mConfiguring platform...[0m
[0;32mPlatform clean and tidy.[0m
[0;32mPlatform modules verified.[0m
[0;32mPlatform modules downloaded.[0m
[0;32mPlatform module dependency graph printed.[0m
[0;34mConfiguring platform...[0m
[0;32mPlatform clean and tidy.[0m
[0;32mPlatform modules verified.[0m
[0;32mPlatform modules downloaded.[0m
[0;32mPlatform module dependency graph printed.[0m
[0;34mConfiguring platform...[0m
[0;32mPlatform clean and tidy.[0m
[0;32mPlatform modules verified.[0m
[0;32mPlatform modules downloaded.[0m
[0;32mPlatform module dependency graph printed.[0m
[0;34mConfiguring platform...[0m
[0;32mPlatform clean and tidy.[0m
[0;32mPlatform modules verified.[0m
[0;32mPlatform modules downloaded.[0m
[0;32mPlatform module dependency graph printed.[0m
[0;34mConfiguring platform...[0m
[0;32mPlatform clean and tidy.[0m
[0;32mPlatform modules verified.[0m
[0;32mPlatform modules downloaded.[0m
[0;32mPlatform module dependency graph printed.[0m
[0;34mConfiguring platform...[0m
[0;32mPlatform clean and tidy.[0m
[0;32mPlatform modules verified.[0m
[0;32mPlatform modules downloaded.[0m
[0;32mPlatform module dependency graph printed.[0m
[0;34mConfiguring platform...[0m
[0;32mPlatform clean and tidy.[0m
[0;32mPlatform modules verified.[0m
[0;32mPlatform modules downloaded.[0m
[0;32mPlatform module dependency graph printed.[0m
\033[0;34mConfiguring platform...\033[0m
\033[0;32mPlatform clean and tidy.\033[0m
\033[0;32mPlatform modules verified.\033[0m
\033[0;32mPlatform modules downloaded.\033[0m
\033[0;32mPlatform module dependency graph printed.\033[0m
[0;34mConfiguring platform...[0m
[0;32mPlatform clean and tidy.[0m
[0;32mPlatform modules verified.[0m
[0;32mPlatform modules downloaded.[0m
[0;32mPlatform module dependency graph printed.[0m
[0;34mConfiguring platform...[0m
[0;32mPlatform clean and tidy.[0m
[0;32mPlatform modules verified.[0m
[0;32mPlatform modules downloaded.[0m
[0;32mPlatform module dependency graph printed.[0m
[0;34mConfiguring platform...[0m
[0;32mPlatform clean and tidy.[0m
[0;32mPlatform modules verified.[0m
[0;32mPlatform modules downloaded.[0m
[0;32mPlatform module dependency graph printed.[0m
[0;34mConfiguring platform...[0m
[0;32mPlatform clean and tidy.[0m
[0;32mPlatform modules verified.[0m
[0;32mPlatform modules downloaded.[0m
[0;32mPlatform module dependency graph printed.[0m
[0;34mConfiguring platform...[0m
[0;32mPlatform clean and tidy.[0m
[0;32mPlatform modules verified.[0m
[0;32mPlatform modules downloaded.[0m
[0;32mPlatform module dependency graph printed.[0m
